2023-09-17 14:53:34,923 - INFO - Starting the data quality check to monitor count_increase in today's load.
2023-09-17 14:53:37,730 - INFO - Loaded data from yesterday data from table char_stats_day_dly for count comparison.
2023-09-17 14:53:39,389 - INFO - Count increase test passed: Count increase percentage is below threshold (10%)
2023-09-17 14:53:39,391 - INFO - Completed the data check for count_increase in today's load.
2023-09-17 14:53:39,392 - INFO - Starting the process to to test primary_key duplicate check.
2023-09-17 14:53:39,885 - INFO - Loaded today's data from char_stats_day_dly.
2023-09-17 14:53:41,030 - WARNING - Primary key test failed: Total of 1 duplicate primary key values found
2023-09-17 14:53:41,031 - INFO - Completed the Primary key duplicate test.
2023-09-17 14:53:41,056 - INFO - Starting the function to log the job satsus in daily_log_status table.
2023-09-17 14:53:41,077 - INFO - Saved test results of  DataQuality table.
2023-09-17 14:53:42,519 - INFO - Displayed Data Quality results.
2023-09-17 14:53:43,446 - INFO - Load status remains as PASS.
2023-09-17 14:53:44,710 - INFO - Appended load status to existing load_status table.
2023-09-17 14:53:44,712 - INFO - Completed the daily_log_status
2023-09-17 14:53:44,713 - INFO - Data Quality Job completed successfully.
2023-09-17 14:53:44,716 - INFO - Closing down clientserver connection
2023-09-17 14:56:46,145 - INFO - Starting the data quality check to monitor count_increase in today's load.
2023-09-17 14:56:48,823 - INFO - Loaded data from yesterday data from table char_stats_day_dly for count comparison.
2023-09-17 14:56:50,405 - INFO - Count increase test passed: Count increase percentage is below threshold (10%)
2023-09-17 14:56:50,406 - INFO - Completed the data check for count_increase in today's load.
2023-09-17 14:56:50,407 - INFO - Starting the process to to test primary_key duplicate check.
2023-09-17 14:56:50,862 - INFO - Loaded today's data from char_stats_day_dly.
2023-09-17 14:56:52,052 - WARNING - Primary key test failed: Total of 1 duplicate primary key values found
2023-09-17 14:56:52,053 - INFO - Completed the Primary key duplicate test.
2023-09-17 14:56:52,078 - INFO - Starting the function to log the job satsus in daily_log_status table.
2023-09-17 14:56:52,099 - INFO - Saved test results of  DataQuality table.
2023-09-17 14:56:53,507 - INFO - Displayed Data Quality results.
2023-09-17 14:56:54,122 - INFO - Load status remains as PASS.
2023-09-17 14:56:55,296 - INFO - Appended load status to existing load_status table.
2023-09-17 14:56:55,297 - INFO - Completed the daily_log_status
2023-09-17 14:56:55,297 - INFO - Data Quality Job completed successfully.
2023-09-17 14:56:55,300 - INFO - Closing down clientserver connection
