2023-09-18 15:48:32,244 - INFO - Running the SQL Scripts: analytics.sql
2023-09-18 15:48:32,247 - INFO - Reading and executing SQL statements from /home/jovyan/work/digital/code/modelling.sql.
2023-09-18 15:48:32,372 - INFO - Reading and executing SQL statements from /home/jovyan/work/digital/code/analytics.sql.
2023-09-18 15:48:33,437 - INFO - Data Analytics script completed successfully.
2023-09-18 15:50:00,263 - INFO - Running the SQL Scripts: analytics.sql
2023-09-18 15:50:00,266 - INFO - Reading and executing SQL statements from /home/jovyan/work/digital/code/modelling.sql.
2023-09-18 15:50:00,383 - INFO - Reading and executing SQL statements from /home/jovyan/work/digital/code/analytics.sql.
2023-09-18 15:50:00,996 - INFO - Data Analytics script completed successfully.
2023-09-18 15:53:13,213 - INFO - Running the SQL Scripts: analytics.sql
2023-09-18 15:53:13,217 - INFO - Reading and executing SQL statements from /home/jovyan/work/digital/code/modelling.sql.
2023-09-18 15:53:13,321 - INFO - Reading and executing SQL statements from /home/jovyan/work/digital/code/analytics.sql.
2023-09-18 15:53:14,034 - INFO - NumExpr defaulting to 8 threads.
2023-09-18 15:53:14,614 - INFO - Result of SQL statement:
                    col_name                                                  data_type comment
                        name                                                     string    None
                 characterID                                                        int    None
                   Alignment                                                     string    None
                Intelligence                                                        int    None
                    Strength                                                        int    None
                       Speed                                                        int    None
                  Durability                                                        int    None
                       Power                                                        int    None
                      Combat                                                        int    None
                       Total                                                        int    None
                    batch_id                                                     string    None
                   load_date                                                     string    None
                                                                                               
# Detailed Table Information                                                                   
                     Catalog                                              spark_catalog        
                    Database                                              db_sil_marvel        
                       Table                                         char_stats_day_dly        
                Created Time                               Mon Sep 18 14:53:04 UTC 2023        
                 Last Access                                                    UNKNOWN        
                  Created By                                                Spark 3.5.0        
                        Type                                                   EXTERNAL        
                    Provider                                                    parquet        
                    Location file:///home/jovyan/work/digital/target/char_stats_day_dly        
2023-09-18 15:53:14,969 - INFO - Result of SQL statement:
           name  characterID Alignment  Intelligence  Strength  Speed  Durability  Power  Combat  Total batch_id                  load_date
Captain America      1009220      good            63        19     35          56     46     100    319      101 2023-09-18 15:45:31.110405
 Winter Soldier      1010740      good            56        32     35          65     60      84    332      101 2023-09-18 15:45:31.110405
      Nick Fury      1009471      good            75        11     23          42     25     100    276      101 2023-09-18 15:45:31.110405
       Punisher      1009515      good            50        16     23          28     22     100    239      101 2023-09-18 15:45:31.110405
      Red Skull      1009535       bad            75        10     12          14     19      80    210      101 2023-09-18 15:45:31.110405
2023-09-18 15:53:15,379 - INFO - Result of SQL statement:
 total_heros alignment
           5   neutral
          50       bad
         143      good
2023-09-18 15:53:15,391 - INFO - Data Analytics script completed successfully.
2023-09-18 15:53:45,497 - INFO - Running the SQL Scripts: analytics.sql
2023-09-18 15:53:45,501 - INFO - Reading and executing SQL statements from /home/jovyan/work/digital/code/modelling.sql.
2023-09-18 15:53:45,596 - INFO - Reading and executing SQL statements from /home/jovyan/work/digital/code/analytics.sql.
2023-09-18 15:53:46,066 - INFO - Data Analytics script completed successfully.
